date: "2014-09-19 20:26:09.416"
argv: node /usr/local/bin/hexo g
os: Linux 3.13.0-35-generic linux x64
versions:
  http_parser: "1.0"
  node: 0.10.25
  v8: 3.14.5.9
  ares: 1.10.0
  uv: 0.10.23
  zlib: 1.2.8
  modules: "11"
  openssl: 1.0.1f
  hexo: 2.8.3
---
[debug] 20:26:09.026 Config file loaded from /home/code/github/cyy0523xc.github.io/_config.yml[debug] 20:26:09.027 Version info checked successfully[debug] 20:26:09.038 Loading database.[debug] 20:26:09.065 Processed: draft.md (1ms)[debug] 20:26:09.065 Processed: page.md (1ms)[debug] 20:26:09.066 Processed: photo.md (2ms)[debug] 20:26:09.066 Processed: post.md (2ms)[debug] 20:26:09.079 Plugin loaded successfully: hexo-renderer-ejs[debug] 20:26:09.089 Plugin loaded successfully: hexo-renderer-marked[debug] 20:26:09.158 Plugin loaded successfully: hexo-renderer-stylus[debug] 20:26:09.173 Processed: _posts/hexo记录.md (4ms)[debug] 20:26:09.174 Processed: _posts/vim中替换-M符号.md (1ms)[debug] 20:26:09.174 Processed: about/index.md (0ms)[debug] 20:26:09.175 Processed: _posts/shell记录.md (1ms)[debug] 20:26:09.176 Processed: _posts/在PHP中近似实现AOP思想.md (1ms)[debug] 20:26:09.176 Processed: _posts/vim的模式.md (0ms)[debug] 20:26:09.180 Processed: _posts/失控：石头是进化缓慢的生命.md (4ms)[debug] 20:26:09.181 Processed: _posts/BlueKai模式研究.md (1ms)[debug] 20:26:09.182 Processed: _posts/ElasticSearch问题汇聚.md (1ms)[debug] 20:26:09.184 Processed: _posts/R中vector和names函数.md (2ms)[debug] 20:26:09.184 Processed: _posts/R对数组指定下标顺序输出.md (0ms)[debug] 20:26:09.185 Processed: _posts/R语言的小技巧.md (1ms)[debug] 20:26:09.185 Processed: _posts/big-data-enterprice-finance.md (0ms)[debug] 20:26:09.186 Processed: _posts/function.apply.md (1ms)[debug] 20:26:09.187 Processed: _posts/function.lapply.md (1ms)[debug] 20:26:09.187 Processed: _posts/function.tapply.md (0ms)[debug] 20:26:09.188 Processed: _posts/rsync命令.md (1ms)[debug] 20:26:09.189 Processed: _posts/r资源列表.md (1ms)[debug] 20:26:09.189 Processed: _posts/r编码规范.md (0ms)[debug] 20:26:09.190 Processed: _posts/sed命令.md (1ms)[debug] 20:26:09.191 Processed: _posts/vim命令汇总.md (1ms)[debug] 20:26:09.191 Processed: _posts/一段R程序的优化.md (0ms)[debug] 20:26:09.192 Processed: _posts/使用R来获取网易公开课的下载地址.md (1ms)[debug] 20:26:09.193 Processed: _posts/移动广告数据挖掘.md (1ms)[debug] 20:26:09.365 Processed: source/js/gallery.js (1ms)[debug] 20:26:09.365 Processed: source/js/jquery.imagesloaded.min.js (0ms)[debug] 20:26:09.365 Processed: source/js/phasebeam.js (0ms)[debug] 20:26:09.365 Processed: source/fancybox/blank.gif (0ms)[debug] 20:26:09.365 Processed: source/fancybox/fancybox_loading.gif (0ms)[debug] 20:26:09.365 Processed: source/fancybox/fancybox_overlay.png (0ms)[debug] 20:26:09.365 Processed: source/fancybox/fancybox_sprite.png (0ms)[debug] 20:26:09.366 Processed: source/fancybox/jquery.fancybox.css (1ms)[debug] 20:26:09.366 Processed: source/fancybox/jquery.fancybox.pack.js (0ms)[debug] 20:26:09.366 Processed: source/css/style.styl (0ms)[debug] 20:26:09.366 Processed: source/css/_base/layout.styl (0ms)[debug] 20:26:09.366 Processed: source/css/_base/utils.styl (0ms)[debug] 20:26:09.366 Processed: source/css/_base/variable.styl (0ms)[debug] 20:26:09.366 Processed: source/css/_partial/archive.styl (0ms)[debug] 20:26:09.366 Processed: source/css/_partial/article.styl (0ms)[debug] 20:26:09.366 Processed: source/css/_partial/comment.styl (0ms)[debug] 20:26:09.366 Processed: source/css/_partial/footer.styl (0ms)[debug] 20:26:09.366 Processed: source/css/_partial/header.styl (0ms)[debug] 20:26:09.366 Processed: source/css/_partial/pagination.styl (0ms)[debug] 20:26:09.366 Processed: source/css/_partial/phasebeam.styl (0ms)[debug] 20:26:09.366 Processed: source/css/_partial/syntax.styl (0ms)[debug] 20:26:09.366 Processed: source/css/font/fontawesome-webfont.eot (0ms)[debug] 20:26:09.366 Processed: source/css/font/fontawesome-webfont.svg (0ms)[debug] 20:26:09.366 Processed: source/css/font/fontawesome-webfont.ttf (0ms)[debug] 20:26:09.366 Processed: source/css/font/fontawesome-webfont.woff (0ms)[debug] 20:26:09.366 Processed: source/css/images/facebook.png (0ms)[debug] 20:26:09.367 Processed: source/css/images/github.png (1ms)[debug] 20:26:09.367 Processed: source/css/images/google.png (0ms)[debug] 20:26:09.367 Processed: source/css/images/rss.png (0ms)[debug] 20:26:09.367 Processed: source/css/images/twitter.png (0ms)[debug] 20:26:09.390 Processed: layout/archive.ejs (27ms)[debug] 20:26:09.390 Processed: layout/category.ejs (26ms)[debug] 20:26:09.390 Processed: layout/index.ejs (26ms)[debug] 20:26:09.390 Processed: layout/layout.ejs (26ms)[debug] 20:26:09.390 Processed: layout/page.ejs (26ms)[debug] 20:26:09.390 Processed: layout/post.ejs (26ms)[debug] 20:26:09.390 Processed: layout/_partial/after_footer.ejs (26ms)[debug] 20:26:09.390 Processed: layout/_partial/archive.ejs (26ms)[debug] 20:26:09.390 Processed: layout/tag.ejs (26ms)[debug] 20:26:09.390 Processed: layout/_partial/article.ejs (26ms)[debug] 20:26:09.390 Processed: layout/_partial/comment.ejs (26ms)[debug] 20:26:09.390 Processed: layout/_partial/footer.ejs (26ms)[debug] 20:26:09.390 Processed: layout/_partial/google_analytics.ejs (26ms)[debug] 20:26:09.390 Processed: layout/_partial/head.ejs (26ms)[debug] 20:26:09.390 Processed: layout/_partial/header.ejs (26ms)[debug] 20:26:09.390 Processed: layout/_partial/pagination.ejs (26ms)[debug] 20:26:09.390 Processed: layout/_partial/phasebeam.ejs (26ms)[debug] 20:26:09.390 Processed: layout/_partial/post/category.ejs (26ms)[debug] 20:26:09.390 Processed: layout/_partial/post/date.ejs (26ms)[debug] 20:26:09.390 Processed: layout/_partial/post/gallery.ejs (26ms)[debug] 20:26:09.390 Processed: layout/_partial/post/share.ejs (26ms)[debug] 20:26:09.390 Processed: layout/_partial/post/tag.ejs (26ms)[debug] 20:26:09.390 Processed: layout/_partial/post/taxonomy.ejs (26ms)[debug] 20:26:09.390 Processed: layout/_partial/post/title.ejs (26ms)[debug] 20:26:09.390 Processed: layout/_partial/mathjax.ejs~ (23ms)[debug] 20:26:09.390 Processed: layout/_partial/mathjax.ejs (23ms)[error] 20:26:09.393 HexoError: Process failed: _posts/vim脚本vimscript-1.md
Error: `name` is required!
    at Model._applySetter (/usr/local/lib/node_modules/hexo/node_modules/warehouse/lib/model.js:422:15)
    at Model._save (/usr/local/lib/node_modules/hexo/node_modules/warehouse/lib/model.js:488:19)
    at Model.insert (/usr/local/lib/node_modules/hexo/node_modules/warehouse/lib/model.js:544:8)
    at /usr/local/lib/node_modules/hexo/lib/model/hooks/post.js:58:11
    at Array.forEach (native)
    at exports.createTag (/usr/local/lib/node_modules/hexo/lib/model/hooks/post.js:52:8)
    at /usr/local/lib/node_modules/hexo/node_modules/warehouse/lib/model.js:498:5
    at iterate (/usr/local/lib/node_modules/hexo/node_modules/warehouse/node_modules/async/lib/async.js:142:13)
    at /usr/local/lib/node_modules/hexo/node_modules/warehouse/node_modules/async/lib/async.js:153:25
    at exports.createCategory (/usr/local/lib/node_modules/hexo/lib/model/hooks/post.js:6:49)
[debug] 20:26:09.397 Theme config loaded[debug] 20:26:09.397 Processed: _config.yml (35ms)[debug] 20:26:09.397 Processed: _posts/vim脚本vimscript.md (204ms)[debug] 20:26:09.397 Processed: languages/default.yml (34ms)[debug] 20:26:09.397 Processed: languages/zh-CN.yml (34ms)[debug] 20:26:09.399 Processed: languages/zh-TW.yml (36ms)